<?xml version="1.0" encoding="UTF-8"?>
<!-- Generated by org.testng.reporters.JUnitReportReporter -->
<testsuite skipped="0" hostname="3K4E4F44TNMAQQ7" name="com.mine.test.TC1" tests="2" failures="0" timestamp="2020-07-15T10:27:37 CST" time="0.008" errors="0">
  <testcase name="case2" time="0.000" classname="com.mine.test.TC1"/>
  <system-out/>
  <testcase name="case1" time="0.008" classname="com.mine.test.TC1"/>
  <system-out/>
</testsuite> <!-- com.mine.test.TC1 -->
