<?xml version="1.0" encoding="UTF-8"?>
<!-- Generated by org.testng.reporters.JUnitReportReporter -->
<testsuite skipped="0" hostname="R15HJ9C2ZVJTPW8" name="com.mine.test.TestLogin" tests="1" failures="0" timestamp="2020-07-23T18:11:38 CST" time="19.793" errors="0">
  <testcase name="loginBaiduPan" time="19.793" classname="com.mine.test.TestLogin"/>
  <system-out/>
</testsuite> <!-- com.mine.test.TestLogin -->
